#
# There is insufficient memory for the Java Runtime Environment to continue.
# Native memory allocation (malloc) failed to allocate 128704 bytes for Chunk::new
# Possible reasons:
#   The system is out of physical RAM or swap space
#   In 32 bit mode, the process size limit was hit
# Possible solutions:
#   Reduce memory load on the system
#   Increase physical memory or swap space
#   Check if swap backing store is full
#   Use 64 bit Java on a 64 bit OS
#   Decrease Java heap size (-Xmx/-Xms)
#   Decrease number of Java threads
#   Decrease Java thread stack sizes (-Xss)
#   Set larger code cache with -XX:ReservedCodeCacheSize=
# This output file may be truncated or incomplete.
#
#  Out of Memory Error (allocation.cpp:390), pid=3968, tid=0x0000000000001578
#
# JRE version: Java(TM) SE Runtime Environment (8.0_92-b14) (build 1.8.0_92-b14)
# Java VM: Java HotSpot(TM) 64-Bit Server VM (25.92-b14 mixed mode windows-amd64 compressed oops)
# Failed to write core dump. Minidumps are not enabled by default on client versions of Windows
#

---------------  T H R E A D  ---------------

Current thread (0x0000000014f39000):  JavaThread "C2 CompilerThread0" daemon [_thread_in_native, id=5496, stack(0x00000000165f0000,0x00000000166f0000)]

Stack: [0x00000000165f0000,0x00000000166f0000]
[error occurred during error reporting (printing stack bounds), id 0xc0000005]

Native frames: (J=compiled Java code, j=interpreted, Vv=VM code, C=native code)


Current CompileTask:
C2:   4231 1421       4       com.android.dx.ssa.back.FirstFitLocalCombiningAllocator$1::processInsn (169 bytes)


---------------  P R O C E S S  ---------------

Java Threads: ( => current thread )
  0x0000000016c40800 JavaThread "pool-1-thread-4" [_thread_in_Java, id=2060, stack(0x0000000017af0000,0x0000000017bf0000)]
  0x0000000016bfb800 JavaThread "pool-1-thread-3" [_thread_in_Java, id=10132, stack(0x00000000179f0000,0x0000000017af0000)]
  0x0000000016bc3800 JavaThread "pool-1-thread-2" [_thread_in_Java, id=10924, stack(0x00000000178f0000,0x00000000179f0000)]
  0x0000000016bc2800 JavaThread "pool-2-thread-1" [_thread_blocked, id=8572, stack(0x00000000177f0000,0x00000000178f0000)]
  0x0000000016bd0800 JavaThread "pool-1-thread-1" [_thread_blocked, id=10508, stack(0x00000000176f0000,0x00000000177f0000)]
  0x00000000168f3800 JavaThread "Service Thread" daemon [_thread_blocked, id=11248, stack(0x0000000016cf0000,0x0000000016df0000)]
  0x0000000014f8b000 JavaThread "C1 CompilerThread2" daemon [_thread_blocked, id=1932, stack(0x00000000167f0000,0x00000000168f0000)]
  0x0000000014f2b000 JavaThread "C2 CompilerThread1" daemon [_thread_in_native, id=9364, stack(0x00000000166f0000,0x00000000167f0000)]
=>0x0000000014f39000 JavaThread "C2 CompilerThread0" daemon [_thread_in_native, id=5496, stack(0x00000000165f0000,0x00000000166f0000)]
  0x0000000014f37000 JavaThread "Attach Listener" daemon [_thread_blocked, id=844, stack(0x00000000164f0000,0x00000000165f0000)]
  0x0000000014f35800 JavaThread "Signal Dispatcher" daemon [_thread_blocked, id=9700, stack(0x00000000163f0000,0x00000000164f0000)]
  0x0000000002834800 JavaThread "Finalizer" daemon [_thread_blocked, id=6096, stack(0x0000000016190000,0x0000000016290000)]
  0x000000000282f000 JavaThread "Reference Handler" daemon [_thread_blocked, id=6796, stack(0x0000000016090000,0x0000000016190000)]
  0x0000000002742800 JavaThread "main" [_thread_in_Java, id=9628, stack(0x00000000025e0000,0x00000000026e0000)]

Other Threads:
  0x0000000014ef8000 VMThread [stack: 0x0000000015f90000,0x0000000016090000] [id=4292]
  0x00000000168fb800 WatcherThread [stack: 0x0000000016df0000,0x0000000016ef0000] [id=9056]

VM state:not at safepoint (normal execution)

VM Mutex/Monitor currently owned by a thread: None

Heap:
 PSYoungGen      total 18944K, used 17445K [0x00000000eab00000, 0x00000000ed000000, 0x0000000100000000)
  eden space 16384K, 90% used [0x00000000eab00000,0x00000000eb98e390,0x00000000ebb00000)
  from space 2560K, 99% used [0x00000000ebd80000,0x00000000ebffb070,0x00000000ec000000)
  to   space 2560K, 0% used [0x00000000ebb00000,0x00000000ebb00000,0x00000000ebd80000)
 ParOldGen       total 44032K, used 3045K [0x00000000c0000000, 0x00000000c2b00000, 0x00000000eab00000)
  object space 44032K, 6% used [0x00000000c0000000,0x00000000c02f9778,0x00000000c2b00000)
 Metaspace       used 6112K, capacity 7024K, committed 7296K, reserved 1056768K
  class space    used 597K, capacity 616K, committed 640K, reserved 1048576K

Card table byte_map: [0x0000000011c00000,0x0000000011e10000] byte_map_base: 0x0000000011600000

Marking Bits: (ParMarkBitMap*) 0x00000000710e64f0
 Begin Bits: [0x0000000012370000, 0x0000000013370000)
 End Bits:   [0x0000000013370000, 0x0000000014370000)

Polling page: 0x00000000026f0000

CodeCache: size=245760Kb used=5786Kb max_used=5786Kb free=239973Kb
 bounds [0x0000000002840000, 0x0000000002df0000, 0x0000000011840000]
 total_blobs=1707 nmethods=1438 adapters=182
 compilation: enabled

Compilation events (10 events):
Event: 4.089 Thread 0x0000000014f8b000 nmethod 1411 0x0000000002dce490 code [0x0000000002dce600, 0x0000000002dce7f8]
Event: 4.089 Thread 0x0000000014f8b000 1412       3       com.android.dx.ssa.back.SsaToRop::convertToRopMethod (13 bytes)
Event: 4.090 Thread 0x0000000014f8b000 nmethod 1412 0x0000000002dcde90 code [0x0000000002dce020, 0x0000000002dce318]
Event: 4.090 Thread 0x0000000014f8b000 1417       3       com.android.dx.ssa.Optimizer::runSsaFormSteps (117 bytes)
Event: 4.092 Thread 0x0000000014f2b000 nmethod 1418 0x0000000002dc5ad0 code [0x0000000002dc5c20, 0x0000000002dc5d98]
Event: 4.092 Thread 0x0000000014f8b000 nmethod 1417 0x0000000002dd0150 code [0x0000000002dd0500, 0x0000000002dd1e98]
Event: 4.093 Thread 0x0000000014f39000 1419       4       com.android.dx.dex.code.RopToDop::dopFor (792 bytes)
Event: 4.095 Thread 0x0000000014f2b000 1420   !   4       com.android.dx.cf.code.BytecodeArray::parseInstruction (2764 bytes)
Event: 4.106 Thread 0x0000000014f39000 nmethod 1419 0x0000000002dcf0d0 code [0x0000000002dcf520, 0x0000000002dcfb80]
Event: 4.107 Thread 0x0000000014f39000 1421       4       com.android.dx.ssa.back.FirstFitLocalCombiningAllocator$1::processInsn (169 bytes)

GC Heap History (4 events):
Event: 1.292 GC heap before
{Heap before GC invocations=1 (full 0):
 PSYoungGen      total 18944K, used 16384K [0x00000000eab00000, 0x00000000ec000000, 0x0000000100000000)
  eden space 16384K, 100% used [0x00000000eab00000,0x00000000ebb00000,0x00000000ebb00000)
  from space 2560K, 0% used [0x00000000ebd80000,0x00000000ebd80000,0x00000000ec000000)
  to   space 2560K, 0% used [0x00000000ebb00000,0x00000000ebb00000,0x00000000ebd80000)
 ParOldGen       total 44032K, used 0K [0x00000000c0000000, 0x00000000c2b00000, 0x00000000eab00000)
  object space 44032K, 0% used [0x00000000c0000000,0x00000000c0000000,0x00000000c2b00000)
 Metaspace       used 5633K, capacity 6576K, committed 6784K, reserved 1056768K
  class space    used 595K, capacity 616K, committed 640K, reserved 1048576K
Event: 1.303 GC heap after
Heap after GC invocations=1 (full 0):
 PSYoungGen      total 18944K, used 2548K [0x00000000eab00000, 0x00000000ec000000, 0x0000000100000000)
  eden space 16384K, 0% used [0x00000000eab00000,0x00000000eab00000,0x00000000ebb00000)
  from space 2560K, 99% used [0x00000000ebb00000,0x00000000ebd7d248,0x00000000ebd80000)
  to   space 2560K, 0% used [0x00000000ebd80000,0x00000000ebd80000,0x00000000ec000000)
 ParOldGen       total 44032K, used 1161K [0x00000000c0000000, 0x00000000c2b00000, 0x00000000eab00000)
  object space 44032K, 2% used [0x00000000c0000000,0x00000000c01224e0,0x00000000c2b00000)
 Metaspace       used 5633K, capacity 6576K, committed 6784K, reserved 1056768K
  class space    used 595K, capacity 616K, committed 640K, reserved 1048576K
}
Event: 3.290 GC heap before
{Heap before GC invocations=2 (full 0):
 PSYoungGen      total 18944K, used 18932K [0x00000000eab00000, 0x00000000ec000000, 0x0000000100000000)
  eden space 16384K, 100% used [0x00000000eab00000,0x00000000ebb00000,0x00000000ebb00000)
  from space 2560K, 99% used [0x00000000ebb00000,0x00000000ebd7d248,0x00000000ebd80000)
  to   space 2560K, 0% used [0x00000000ebd80000,0x00000000ebd80000,0x00000000ec000000)
 ParOldGen       total 44032K, used 1161K [0x00000000c0000000, 0x00000000c2b00000, 0x00000000eab00000)
  object space 44032K, 2% used [0x00000000c0000000,0x00000000c01224e0,0x00000000c2b00000)
 Metaspace       used 5991K, capacity 6896K, committed 7040K, reserved 1056768K
  class space    used 597K, capacity 616K, committed 640K, reserved 1048576K
Event: 3.515 GC heap after
Heap after GC invocations=2 (full 0):
 PSYoungGen      total 18944K, used 2540K [0x00000000eab00000, 0x00000000ed000000, 0x0000000100000000)
  eden space 16384K, 0% used [0x00000000eab00000,0x00000000eab00000,0x00000000ebb00000)
  from space 2560K, 99% used [0x00000000ebd80000,0x00000000ebffb070,0x00000000ec000000)
  to   space 2560K, 0% used [0x00000000ebb00000,0x00000000ebb00000,0x00000000ebd80000)
 ParOldGen       total 44032K, used 3045K [0x00000000c0000000, 0x00000000c2b00000, 0x00000000eab00000)
  object space 44032K, 6% used [0x00000000c0000000,0x00000000c02f9778,0x00000000c2b00000)
 Metaspace       used 5991K, capacity 6896K, committed 7040K, reserved 1056768K
  class space    used 597K, capacity 616K, committed 640K, reserved 1048576K
}

Deoptimization events (9 events):
Event: 1.533 Thread 0x0000000016c40800 Uncommon trap: reason=unstable_if action=reinterpret pc=0x0000000002b4221c method=java.util.HashMap.getNode(ILjava/lang/Object;)Ljava/util/HashMap$Node; @ 129
Event: 1.533 Thread 0x0000000016c40800 Uncommon trap: reason=unstable_if action=reinterpret pc=0x0000000002abf358 method=java.util.HashMap.getNode(ILjava/lang/Object;)Ljava/util/HashMap$Node; @ 129
Event: 1.534 Thread 0x0000000016c40800 Uncommon trap: reason=unstable_if action=reinterpret pc=0x0000000002a6409c method=java.util.HashMap.getNode(ILjava/lang/Object;)Ljava/util/HashMap$Node; @ 129
Event: 1.572 Thread 0x0000000016bd0800 Uncommon trap: reason=unloaded action=reinterpret pc=0x0000000002b1cb40 method=com.android.dx.ssa.SsaRenamer$BlockRenamer.visitMoveInsn(Lcom/android/dx/ssa/NormalSsaInsn;)V @ 208
Event: 2.192 Thread 0x0000000016bc3800 Uncommon trap: reason=unstable_if action=reinterpret pc=0x0000000002a70c70 method=java.util.BitSet.nextSetBit(I)I @ 87
Event: 2.595 Thread 0x0000000016c40800 Uncommon trap: reason=unstable_if action=reinterpret pc=0x0000000002b98880 method=com.android.dx.ssa.SsaMethod.onSourcesChanged(Lcom/android/dx/ssa/SsaInsn;Lcom/android/dx/rop/code/RegisterSpecList;)V @ 4
Event: 3.532 Thread 0x0000000016c40800 Uncommon trap: reason=null_check action=make_not_entrant pc=0x0000000002cc0270 method=com.android.dx.ssa.SsaRenamer.getLocalForNewReg(I)Lcom/android/dx/rop/code/LocalItem; @ 19
Event: 3.534 Thread 0x0000000016bd0800 Uncommon trap: reason=unstable_if action=reinterpret pc=0x0000000002c390ac method=com.android.dx.rop.code.RegisterSpecSet.put(Lcom/android/dx/rop/code/RegisterSpec;)V @ 77
Event: 4.076 Thread 0x0000000016bc3800 Uncommon trap: reason=unstable_if action=reinterpret pc=0x0000000002da6c68 method=com.android.dx.ssa.SsaRenamer$BlockRenamer.visitMoveInsn(Lcom/android/dx/ssa/NormalSsaInsn;)V @ 64

Internal exceptions (3 events):
Event: 0.063 Thread 0x0000000002742800 Exception <a 'java/lang/NoSuchMethodError': Method sun.misc.Unsafe.defineClass(Ljava/lang/String;[BII)Ljava/lang/Class; name or signature does not match> (0x00000000eab07cc0) thrown at [D:\re\workspace\8-2-build-windows-amd64-cygwin\jdk8u92\6642\hotspot\sröπ@-N4∞?
Event: 0.063 Thread 0x0000000002742800 Exception <a 'java/lang/NoSuchMethodError': Method sun.misc.Unsafe.prefetchRead(Ljava/lang/Object;J)V name or signature does not match> (0x00000000eab07fa8) thrown at [D:\re\workspace\8-2-build-windows-amd64-cygwin\jdk8u92\6642\hotspot\src\share\vm\prims\jv¡ë@@
Event: 3.532 Thread 0x0000000016c40800 Implicit null exception at 0x0000000002cbe3b6 to 0x0000000002cc0225

Events (10 events):
Event: 3.532 Thread 0x0000000016c40800 DEOPT PACKING pc=0x0000000002cc0270 sp=0x0000000017bee590
Event: 3.532 Thread 0x0000000016c40800 DEOPT UNPACKING pc=0x000000000288582a sp=0x0000000017bee418 mode 2
Event: 3.534 Thread 0x0000000016bd0800 Uncommon trap: trap_request=0xffffff65 fr.pc=0x0000000002c390ac
Event: 3.534 Thread 0x0000000016bd0800 DEOPT PACKING pc=0x0000000002c390ac sp=0x00000000177ee550
Event: 3.534 Thread 0x0000000016bd0800 DEOPT UNPACKING pc=0x000000000288582a sp=0x00000000177ee470 mode 2
Event: 3.646 loading class com/android/dx/cf/code/SwitchList
Event: 3.646 loading class com/android/dx/cf/code/SwitchList done
Event: 4.076 Thread 0x0000000016bc3800 Uncommon trap: trap_request=0xffffff65 fr.pc=0x0000000002da6c68
Event: 4.076 Thread 0x0000000016bc3800 DEOPT PACKING pc=0x0000000002da6c68 sp=0x00000000179ee700
Event: 4.076 Thread 0x0000000016bc3800 DEOPT UNPACKING pc=0x000000000288582a sp=0x00000000179ee5c8 mode 2


Dynamic libraries:
0x00007ff6b80a0000 - 0x00007ff6b80d7000 	C:\Program Files\Java\jdk1.8.0_92\bin\java.exe
0x00007ffcfce80000 - 0x00007ffcfd02a000 	C:\WINDOWS\SYSTEM32\ntdll.dll
0x00007ffcfad50000 - 0x00007ffcfae8a000 	C:\WINDOWS\system32\KERNEL32.DLL
0x00007ffcfa360000 - 0x00007ffcfa46f000 	C:\WINDOWS\system32\KERNELBASE.dll
0x00007ffcf8c50000 - 0x00007ffcf8cd8000 	C:\WINDOWS\system32\apphelp.dll
0x00007ffcf1600000 - 0x00007ffcf164f000 	C:\WINDOWS\AppPatch\AppPatch64\AcGenral.DLL
0x00007ffcfb030000 - 0x00007ffcfb0d7000 	C:\WINDOWS\system32\msvcrt.dll
0x00007ffcfa030000 - 0x00007ffcfa05b000 	C:\WINDOWS\SYSTEM32\SspiCli.dll
0x00007ffcfa700000 - 0x00007ffcfa751000 	C:\WINDOWS\system32\SHLWAPI.dll
0x00007ffcfaa10000 - 0x00007ffcfab81000 	C:\WINDOWS\system32\USER32.dll
0x00007ffcfb150000 - 0x00007ffcfb2c8000 	C:\WINDOWS\system32\ole32.dll
0x00007ffcfb2d0000 - 0x00007ffcfc6f0000 	C:\WINDOWS\system32\SHELL32.dll
0x00007ffcf9860000 - 0x00007ffcf987e000 	C:\WINDOWS\SYSTEM32\USERENV.dll
0x00007ffcfc9a0000 - 0x00007ffcfca45000 	C:\WINDOWS\system32\ADVAPI32.dll
0x00007ffcf57c0000 - 0x00007ffcf57db000 	C:\WINDOWS\SYSTEM32\MPR.dll
0x00007ffcfa760000 - 0x00007ffcfa896000 	C:\WINDOWS\system32\RPCRT4.dll
0x00007ffcfc6f0000 - 0x00007ffcfc747000 	C:\WINDOWS\SYSTEM32\sechost.dll
0x00007ffcfcb00000 - 0x00007ffcfccd6000 	C:\WINDOWS\SYSTEM32\combase.dll
0x00007ffcfa8b0000 - 0x00007ffcfa9f5000 	C:\WINDOWS\system32\GDI32.dll
0x00007ffcfa1f0000 - 0x00007ffcfa204000 	C:\WINDOWS\SYSTEM32\profapi.dll
0x00007ffcf86d0000 - 0x00007ffcf876f000 	C:\WINDOWS\SYSTEM32\SHCORE.dll
0x00007ffcfab90000 - 0x00007ffcfabc4000 	C:\WINDOWS\system32\IMM32.DLL
0x00007ffcfaef0000 - 0x00007ffcfb029000 	C:\WINDOWS\system32\MSCTF.dll
0x00007ffcf7e60000 - 0x00007ffcf80ba000 	C:\WINDOWS\WinSxS\amd64_microsoft.windows.common-controls_6595b64144ccf1df_6.0.9600.17031_none_6242a4b3ecbb55a1\COMCTL32.dll
0x00000000716c0000 - 0x0000000071792000 	C:\Program Files\Java\jdk1.8.0_92\jre\bin\msvcr100.dll
0x00000000708d0000 - 0x0000000071166000 	C:\Program Files\Java\jdk1.8.0_92\jre\bin\server\jvm.dll
0x00007ffcf8840000 - 0x00007ffcf8849000 	C:\WINDOWS\SYSTEM32\WSOCK32.dll
0x00007ffcf5740000 - 0x00007ffcf575f000 	C:\WINDOWS\SYSTEM32\WINMM.dll
0x00007ffcf4150000 - 0x00007ffcf415a000 	C:\WINDOWS\SYSTEM32\VERSION.dll
0x00007ffcfc750000 - 0x00007ffcfc757000 	C:\WINDOWS\system32\PSAPI.DLL
0x00007ffcfb0f0000 - 0x00007ffcfb148000 	C:\WINDOWS\system32\WS2_32.dll
0x00007ffcf5710000 - 0x00007ffcf573a000 	C:\WINDOWS\SYSTEM32\WINMMBASE.dll
0x00007ffcfb0e0000 - 0x00007ffcfb0e9000 	C:\WINDOWS\system32\NSI.dll
0x00007ffcfa310000 - 0x00007ffcfa35a000 	C:\WINDOWS\SYSTEM32\cfgmgr32.dll
0x00007ffcf9060000 - 0x00007ffcf9086000 	C:\WINDOWS\SYSTEM32\DEVOBJ.dll
0x0000000075420000 - 0x000000007542f000 	C:\Program Files\Java\jdk1.8.0_92\jre\bin\verify.dll
0x0000000074520000 - 0x0000000074549000 	C:\Program Files\Java\jdk1.8.0_92\jre\bin\java.dll
0x0000000074500000 - 0x0000000074516000 	C:\Program Files\Java\jdk1.8.0_92\jre\bin\zip.dll

VM Arguments:
jvm_args: -Djava.awt.headless=true -Xmx1024M -Dfile.encoding=windows-1252 -Duser.country=US -Duser.language=en -Duser.variant 
java_command: com.android.dx.command.Main --dex --num-threads=4 --output C:\Users\Mayank\AndroidStudioProjects\singleBoom\app\build\intermediates\pre-dexed\debug\com.google.android.gms-play-services-maps-8.4.0_ef00b28014c51705e7d84c9df225b0bec30707ff.jar C:\Users\Mayank\AndroidStudioProjects\singleBoom\app\build\intermediates\exploded-aar\com.google.android.gms\play-services-maps\8.4.0\jars\classes.jar
java_class_path (initial): C:\sdk1\build-tools\24.0.3\lib\dx.jar
Launcher Type: SUN_STANDARD

Environment Variables:
JAVA_HOME=C:\Program Files\Java\jdk1.8.0_92
PATH=C:\ProgramData\Oracle\Java\javapath;c:\Program Files (x86)\Intel\iCLS Client\;c:\Program Files\Intel\iCLS Client\;C:\WINDOWS\system32;C:\WINDOWS;C:\WINDOWS\System32\Wbem;C:\WINDOWS\System32\WindowsPowerShell\v1.0\;C:\Program Files\Intel\Intel(R) Management Engine Components\DAL;C:\Program Files\Intel\Intel(R) Management Engine Components\IPT;C:\Program Files (x86)\Intel\Intel(R) Management Engine Components\DAL;C:\Program Files (x86)\Intel\Intel(R) Management Engine Components\IPT;C:\Program Files (x86)\Skype\Phone\;C:\Users\Mayank\Desktop\Tesseract-OCR;C:\Program Files (x86)\GTK2-Runtime\bin;C:\Program Files\Git\cmd;C:\Program Files\nodejs\;C:\apache-ant-1.9.7\bin;C:\Program Files\MongoDB\Server\3.2\bin;C:\Users\Mayank\AppData\Local\Programs\Python\Python35-32\Scripts;C:\Users\Mayank\AppData\Local\Programs\Python\Python35-32\;C:\Program Files\Java\jdk1.8.0_92\bin;C:\Python27\;C:\Users\Mayank\Downloads\curl_7_51_0_openssl_nghttp2_x64\;C:\Users\Mayank\AppData\Roaming\npm;C:\Program Files\nodejs\;C:\Users\Mayank\AppData\Local\.meteor\
USERNAME=Mayank
OS=Windows_NT
PROCESSOR_IDENTIFIER=Intel64 Family 6 Model 69 Stepping 1, GenuineIntel



---------------  S Y S T E M  ---------------

OS: Windows 8.1 , 64 bit Build 9600 (6.3.9600.17056)

CPU:total 4 (2 cores per cpu, 2 threads per core) family 6 model 69 stepping 1, cmov, cx8, fxsr, mmx, sse, sse2, sse3, ssse3, sse4.1, sse4.2, popcnt, avx, avx2, aes, clmul, erms, lzcnt, ht, tsc, tscinvbit, bmi1, bmi2

Memory: 4k page, physical 4096180k(822112k free), swap 7241908k(5756k free)

vm_info: Java HotSpot(TM) 64-Bit Server VM (25.92-b14) for windows-amd64 JRE (1.8.0_92-b14), built on Mar 31 2016 21:03:04 by "java_re" with MS VC++ 10.0 (VS2010)

time: Sat Feb 04 20:05:26 2017
elapsed time: 4 seconds (0d 0h 0m 4s)

