#
# There is insufficient memory for the Java Runtime Environment to continue.
# Native memory allocation (malloc) failed to allocate 263136 bytes for Chunk::new
# Possible reasons:
#   The system is out of physical RAM or swap space
#   In 32 bit mode, the process size limit was hit
# Possible solutions:
#   Reduce memory load on the system
#   Increase physical memory or swap space
#   Check if swap backing store is full
#   Use 64 bit Java on a 64 bit OS
#   Decrease Java heap size (-Xmx/-Xms)
#   Decrease number of Java threads
#   Decrease Java thread stack sizes (-Xss)
#   Set larger code cache with -XX:ReservedCodeCacheSize=
# This output file may be truncated or incomplete.
#
#  Out of Memory Error (allocation.cpp:390), pid=3228, tid=0x0000000000002928
#
# JRE version: Java(TM) SE Runtime Environment (8.0_92-b14) (build 1.8.0_92-b14)
# Java VM: Java HotSpot(TM) 64-Bit Server VM (25.92-b14 mixed mode windows-amd64 compressed oops)
# Failed to write core dump. Minidumps are not enabled by default on client versions of Windows
#

---------------  T H R E A D  ---------------

Current thread (0x00000000149f9000):  JavaThread "C2 CompilerThread0" daemon [_thread_in_native, id=10536, stack(0x00000000160a0000,0x00000000161a0000)]

Stack: [0x00000000160a0000,0x00000000161a0000]
[error occurred during error reporting (printing stack bounds), id 0xc0000005]

Native frames: (J=compiled Java code, j=interpreted, Vv=VM code, C=native code)


Current CompileTask:
C2:   4313 1273       4       com.android.dx.ssa.SsaMethod::computeReachability (131 bytes)


---------------  P R O C E S S  ---------------

Java Threads: ( => current thread )
  0x0000000016627000 JavaThread "pool-1-thread-4" [_thread_blocked, id=3188, stack(0x0000000016da0000,0x0000000016ea0000)]
  0x000000001662a000 JavaThread "pool-1-thread-3" [_thread_in_vm, id=7824, stack(0x0000000016ca0000,0x0000000016da0000)]
  0x0000000016629800 JavaThread "pool-1-thread-2" [_thread_blocked, id=8524, stack(0x0000000016ba0000,0x0000000016ca0000)]
  0x0000000016628000 JavaThread "pool-2-thread-1" [_thread_blocked, id=5088, stack(0x0000000016aa0000,0x0000000016ba0000)]
  0x0000000016628800 JavaThread "pool-1-thread-1" [_thread_in_vm, id=3692, stack(0x00000000169a0000,0x0000000016aa0000)]
  0x00000000163a6800 JavaThread "Service Thread" daemon [_thread_blocked, id=8804, stack(0x00000000167a0000,0x00000000168a0000)]
  0x0000000014a4b000 JavaThread "C1 CompilerThread2" daemon [_thread_blocked, id=3656, stack(0x00000000162a0000,0x00000000163a0000)]
  0x0000000014a48800 JavaThread "C2 CompilerThread1" daemon [_thread_in_native, id=10980, stack(0x00000000161a0000,0x00000000162a0000)]
=>0x00000000149f9000 JavaThread "C2 CompilerThread0" daemon [_thread_in_native, id=10536, stack(0x00000000160a0000,0x00000000161a0000)]
  0x00000000149f7000 JavaThread "Attach Listener" daemon [_thread_blocked, id=4500, stack(0x0000000015fa0000,0x00000000160a0000)]
  0x00000000149f5800 JavaThread "Signal Dispatcher" daemon [_thread_blocked, id=10288, stack(0x0000000015ea0000,0x0000000015fa0000)]
  0x0000000002314800 JavaThread "Finalizer" daemon [_thread_blocked, id=7508, stack(0x0000000015c40000,0x0000000015d40000)]
  0x000000000230f800 JavaThread "Reference Handler" daemon [_thread_blocked, id=11980, stack(0x0000000015b40000,0x0000000015c40000)]
  0x0000000002222800 JavaThread "main" [_thread_in_Java, id=1976, stack(0x0000000002060000,0x0000000002160000)]

Other Threads:
  0x00000000149b8000 VMThread [stack: 0x0000000015a40000,0x0000000015b40000] [id=11752]
  0x00000000163c3000 WatcherThread [stack: 0x00000000168a0000,0x00000000169a0000] [id=12268]

VM state:not at safepoint (normal execution)

VM Mutex/Monitor currently owned by a thread: None

Heap:
 PSYoungGen      total 35328K, used 7784K [0x00000000eab00000, 0x00000000ed000000, 0x0000000100000000)
  eden space 32768K, 15% used [0x00000000eab00000,0x00000000eb01e1c8,0x00000000ecb00000)
  from space 2560K, 99% used [0x00000000ecd80000,0x00000000ecffc160,0x00000000ed000000)
  to   space 2560K, 0% used [0x00000000ecb00000,0x00000000ecb00000,0x00000000ecd80000)
 ParOldGen       total 44032K, used 4632K [0x00000000c0000000, 0x00000000c2b00000, 0x00000000eab00000)
  object space 44032K, 10% used [0x00000000c0000000,0x00000000c0486198,0x00000000c2b00000)
 Metaspace       used 6058K, capacity 6962K, committed 7040K, reserved 1056768K
  class space    used 603K, capacity 618K, committed 640K, reserved 1048576K

Card table byte_map: [0x00000000116e0000,0x00000000118f0000] byte_map_base: 0x00000000110e0000

Marking Bits: (ParMarkBitMap*) 0x00000000710e64f0
 Begin Bits: [0x0000000011e50000, 0x0000000012e50000)
 End Bits:   [0x0000000012e50000, 0x0000000013e50000)

Polling page: 0x00000000006d0000

CodeCache: size=245760Kb used=5139Kb max_used=5139Kb free=240620Kb
 bounds [0x0000000002320000, 0x0000000002830000, 0x0000000011320000]
 total_blobs=1545 nmethods=1276 adapters=182
 compilation: enabled

Compilation events (10 events):
Event: 4.304 Thread 0x0000000014a4b000 1285       1       sun.util.calendar.CalendarDate::getDayOfMonth (5 bytes)
Event: 4.304 Thread 0x0000000014a4b000 nmethod 1285 0x0000000002828510 code [0x0000000002828660, 0x0000000002828770]
Event: 4.304 Thread 0x0000000014a4b000 1286       1       sun.util.calendar.CalendarDate::getHours (5 bytes)
Event: 4.304 Thread 0x0000000014a4b000 nmethod 1286 0x00000000028287d0 code [0x0000000002828920, 0x0000000002828a30]
Event: 4.304 Thread 0x0000000014a4b000 1287       1       sun.util.calendar.CalendarDate::getMinutes (5 bytes)
Event: 4.304 Thread 0x0000000014a4b000 nmethod 1287 0x0000000002828a90 code [0x0000000002828be0, 0x0000000002828cf0]
Event: 4.304 Thread 0x0000000014a4b000 1288       1       sun.util.calendar.CalendarDate::getSeconds (5 bytes)
Event: 4.304 Thread 0x0000000014a4b000 nmethod 1288 0x0000000002828d50 code [0x0000000002828ea0, 0x0000000002828fb0]
Event: 4.304 Thread 0x0000000014a4b000 1289       1       sun.util.calendar.CalendarDate::getMillis (5 bytes)
Event: 4.304 Thread 0x0000000014a4b000 nmethod 1289 0x0000000002829010 code [0x0000000002829160, 0x0000000002829270]

GC Heap History (4 events):
Event: 2.137 GC heap before
{Heap before GC invocations=1 (full 0):
 PSYoungGen      total 18944K, used 16384K [0x00000000eab00000, 0x00000000ec000000, 0x0000000100000000)
  eden space 16384K, 100% used [0x00000000eab00000,0x00000000ebb00000,0x00000000ebb00000)
  from space 2560K, 0% used [0x00000000ebd80000,0x00000000ebd80000,0x00000000ec000000)
  to   space 2560K, 0% used [0x00000000ebb00000,0x00000000ebb00000,0x00000000ebd80000)
 ParOldGen       total 44032K, used 0K [0x00000000c0000000, 0x00000000c2b00000, 0x00000000eab00000)
  object space 44032K, 0% used [0x00000000c0000000,0x00000000c0000000,0x00000000c2b00000)
 Metaspace       used 5833K, capacity 6770K, committed 7040K, reserved 1056768K
  class space    used 602K, capacity 618K, committed 640K, reserved 1048576K
Event: 2.346 GC heap after
Heap after GC invocations=1 (full 0):
 PSYoungGen      total 18944K, used 2538K [0x00000000eab00000, 0x00000000ed000000, 0x0000000100000000)
  eden space 16384K, 0% used [0x00000000eab00000,0x00000000eab00000,0x00000000ebb00000)
  from space 2560K, 99% used [0x00000000ebb00000,0x00000000ebd7aaa8,0x00000000ebd80000)
  to   space 2560K, 0% used [0x00000000ecd80000,0x00000000ecd80000,0x00000000ed000000)
 ParOldGen       total 44032K, used 1684K [0x00000000c0000000, 0x00000000c2b00000, 0x00000000eab00000)
  object space 44032K, 3% used [0x00000000c0000000,0x00000000c01a5028,0x00000000c2b00000)
 Metaspace       used 5833K, capacity 6770K, committed 7040K, reserved 1056768K
  class space    used 602K, capacity 618K, committed 640K, reserved 1048576K
}
Event: 3.661 GC heap before
{Heap before GC invocations=2 (full 0):
 PSYoungGen      total 18944K, used 18922K [0x00000000eab00000, 0x00000000ed000000, 0x0000000100000000)
  eden space 16384K, 100% used [0x00000000eab00000,0x00000000ebb00000,0x00000000ebb00000)
  from space 2560K, 99% used [0x00000000ebb00000,0x00000000ebd7aaa8,0x00000000ebd80000)
  to   space 2560K, 0% used [0x00000000ecd80000,0x00000000ecd80000,0x00000000ed000000)
 ParOldGen       total 44032K, used 1684K [0x00000000c0000000, 0x00000000c2b00000, 0x00000000eab00000)
  object space 44032K, 3% used [0x00000000c0000000,0x00000000c01a5028,0x00000000c2b00000)
 Metaspace       used 6029K, capacity 6962K, committed 7040K, reserved 1056768K
  class space    used 603K, capacity 618K, committed 640K, reserved 1048576K
Event: 4.238 GC heap after
Heap after GC invocations=2 (full 0):
 PSYoungGen      total 35328K, used 2544K [0x00000000eab00000, 0x00000000ed000000, 0x0000000100000000)
  eden space 32768K, 0% used [0x00000000eab00000,0x00000000eab00000,0x00000000ecb00000)
  from space 2560K, 99% used [0x00000000ecd80000,0x00000000ecffc160,0x00000000ed000000)
  to   space 2560K, 0% used [0x00000000ecb00000,0x00000000ecb00000,0x00000000ecd80000)
 ParOldGen       total 44032K, used 4632K [0x00000000c0000000, 0x00000000c2b00000, 0x00000000eab00000)
  object space 44032K, 10% used [0x00000000c0000000,0x00000000c0486198,0x00000000c2b00000)
 Metaspace       used 6029K, capacity 6962K, committed 7040K, reserved 1056768K
  class space    used 603K, capacity 618K, committed 640K, reserved 1048576K
}

Deoptimization events (10 events):
Event: 1.722 Thread 0x0000000016627000 Uncommon trap: reason=class_check action=maybe_recompile pc=0x0000000002583f94 method=com.android.dx.ssa.NormalSsaInsn.accept(Lcom/android/dx/ssa/SsaInsn$Visitor;)V @ 9
Event: 1.723 Thread 0x0000000016627000 Uncommon trap: reason=class_check action=maybe_recompile pc=0x0000000002583f94 method=com.android.dx.ssa.NormalSsaInsn.accept(Lcom/android/dx/ssa/SsaInsn$Visitor;)V @ 9
Event: 1.723 Thread 0x0000000016627000 Uncommon trap: reason=class_check action=maybe_recompile pc=0x00000000025633f0 method=com.android.dx.ssa.NormalSsaInsn.accept(Lcom/android/dx/ssa/SsaInsn$Visitor;)V @ 9
Event: 2.938 Thread 0x0000000016628800 Uncommon trap: reason=unstable_if action=reinterpret pc=0x0000000002573c74 method=java.util.BitSet.ensureCapacity(I)V @ 6
Event: 2.977 Thread 0x0000000016628800 Uncommon trap: reason=bimorphic action=maybe_recompile pc=0x0000000002734898 method=java.util.HashMap.putVal(ILjava/lang/Object;Ljava/lang/Object;ZZ)Ljava/lang/Object; @ 91
Event: 2.977 Thread 0x0000000016628800 Uncommon trap: reason=bimorphic action=maybe_recompile pc=0x0000000002734898 method=java.util.HashMap.putVal(ILjava/lang/Object;Ljava/lang/Object;ZZ)Ljava/lang/Object; @ 91
Event: 2.977 Thread 0x0000000016628800 Uncommon trap: reason=bimorphic action=maybe_recompile pc=0x0000000002734898 method=java.util.HashMap.putVal(ILjava/lang/Object;Ljava/lang/Object;ZZ)Ljava/lang/Object; @ 91
Event: 3.457 Thread 0x0000000002222800 Uncommon trap: reason=unstable_if action=reinterpret pc=0x00000000027e50e4 method=com.android.dx.ssa.SCCP.simulateStmt(Lcom/android/dx/ssa/SsaInsn;)V @ 418
Event: 4.268 Thread 0x000000001662a000 Uncommon trap: reason=null_check action=make_not_entrant pc=0x0000000002649404 method=com.android.dx.ssa.SsaRenamer.getLocalForNewReg(I)Lcom/android/dx/rop/code/LocalItem; @ 19
Event: 4.309 Thread 0x000000001662a000 Uncommon trap: reason=null_check action=make_not_entrant pc=0x0000000002813828 method=com.android.dx.rop.type.Type.equals(Ljava/lang/Object;)Z @ 8

Internal exceptions (4 events):
Event: 0.066 Thread 0x0000000002222800 Exception <a 'java/lang/NoSuchMethodError': Method sun.misc.Unsafe.defineClass(Ljava/lang/String;[BII)Ljava/lang/Class; name or signature does not match> (0x00000000eab07cc0) thrown at [D:\re\workspace\8-2-build-windows-amd64-cygwin\jdk8u92\6642\hotspot\sr7íÌÌüß°?
Event: 0.066 Thread 0x0000000002222800 Exception <a 'java/lang/NoSuchMethodError': Method sun.misc.Unsafe.prefetchRead(Ljava/lang/Object;J)V name or signature does not match> (0x00000000eab07fa8) thrown at [D:\re\workspace\8-2-build-windows-amd64-cygwin\jdk8u92\6642\hotspot\src\share\vm\prims\j¯ïS¤Þ@
Event: 4.268 Thread 0x000000001662a000 Implicit null exception at 0x00000000026471f2 to 0x00000000026493c1
Event: 4.309 Thread 0x000000001662a000 Implicit null exception at 0x0000000002813722 to 0x000000000281381a

Events (10 events):
Event: 3.512 Executing VM operation: ParallelGCFailedAllocation
Event: 4.238 Executing VM operation: ParallelGCFailedAllocation done
Event: 4.248 Executing VM operation: EnableBiasedLocking
Event: 4.248 Executing VM operation: EnableBiasedLocking done
Event: 4.268 Thread 0x000000001662a000 Uncommon trap: trap_request=0xfffffff4 fr.pc=0x0000000002649404
Event: 4.268 Thread 0x000000001662a000 DEOPT PACKING pc=0x0000000002649404 sp=0x0000000016d9ea10
Event: 4.269 Thread 0x000000001662a000 DEOPT UNPACKING pc=0x000000000236582a sp=0x0000000016d9e868 mode 2
Event: 4.309 Thread 0x000000001662a000 Uncommon trap: trap_request=0xfffffff4 fr.pc=0x0000000002813828
Event: 4.309 Thread 0x000000001662a000 DEOPT PACKING pc=0x0000000002813828 sp=0x0000000016d9e7e0
Event: 4.309 Thread 0x000000001662a000 DEOPT UNPACKING pc=0x000000000236582a sp=0x0000000016d9e768 mode 2


Dynamic libraries:
0x00007ff6b80a0000 - 0x00007ff6b80d7000 	C:\Program Files\Java\jdk1.8.0_92\bin\java.exe
0x00007ffcfce80000 - 0x00007ffcfd02a000 	C:\WINDOWS\SYSTEM32\ntdll.dll
0x00007ffcfad50000 - 0x00007ffcfae8a000 	C:\WINDOWS\system32\KERNEL32.DLL
0x00007ffcfa360000 - 0x00007ffcfa46f000 	C:\WINDOWS\system32\KERNELBASE.dll
0x00007ffcf8c50000 - 0x00007ffcf8cd8000 	C:\WINDOWS\system32\apphelp.dll
0x00007ffcf1600000 - 0x00007ffcf164f000 	C:\WINDOWS\AppPatch\AppPatch64\AcGenral.DLL
0x00007ffcfb030000 - 0x00007ffcfb0d7000 	C:\WINDOWS\system32\msvcrt.dll
0x00007ffcfa030000 - 0x00007ffcfa05b000 	C:\WINDOWS\SYSTEM32\SspiCli.dll
0x00007ffcfa700000 - 0x00007ffcfa751000 	C:\WINDOWS\system32\SHLWAPI.dll
0x00007ffcfaa10000 - 0x00007ffcfab81000 	C:\WINDOWS\system32\USER32.dll
0x00007ffcfb150000 - 0x00007ffcfb2c8000 	C:\WINDOWS\system32\ole32.dll
0x00007ffcfb2d0000 - 0x00007ffcfc6f0000 	C:\WINDOWS\system32\SHELL32.dll
0x00007ffcf9860000 - 0x00007ffcf987e000 	C:\WINDOWS\SYSTEM32\USERENV.dll
0x00007ffcfc9a0000 - 0x00007ffcfca45000 	C:\WINDOWS\system32\ADVAPI32.dll
0x00007ffcf57c0000 - 0x00007ffcf57db000 	C:\WINDOWS\SYSTEM32\MPR.dll
0x00007ffcfa760000 - 0x00007ffcfa896000 	C:\WINDOWS\system32\RPCRT4.dll
0x00007ffcfc6f0000 - 0x00007ffcfc747000 	C:\WINDOWS\SYSTEM32\sechost.dll
0x00007ffcfcb00000 - 0x00007ffcfccd6000 	C:\WINDOWS\SYSTEM32\combase.dll
0x00007ffcfa8b0000 - 0x00007ffcfa9f5000 	C:\WINDOWS\system32\GDI32.dll
0x00007ffcfa1f0000 - 0x00007ffcfa204000 	C:\WINDOWS\SYSTEM32\profapi.dll
0x00007ffcf86d0000 - 0x00007ffcf876f000 	C:\WINDOWS\SYSTEM32\SHCORE.dll
0x00007ffcfab90000 - 0x00007ffcfabc4000 	C:\WINDOWS\system32\IMM32.DLL
0x00007ffcfaef0000 - 0x00007ffcfb029000 	C:\WINDOWS\system32\MSCTF.dll
0x00007ffcf7e60000 - 0x00007ffcf80ba000 	C:\WINDOWS\WinSxS\amd64_microsoft.windows.common-controls_6595b64144ccf1df_6.0.9600.17031_none_6242a4b3ecbb55a1\COMCTL32.dll
0x00000000716c0000 - 0x0000000071792000 	C:\Program Files\Java\jdk1.8.0_92\jre\bin\msvcr100.dll
0x00000000708d0000 - 0x0000000071166000 	C:\Program Files\Java\jdk1.8.0_92\jre\bin\server\jvm.dll
0x00007ffcf8840000 - 0x00007ffcf8849000 	C:\WINDOWS\SYSTEM32\WSOCK32.dll
0x00007ffcf5740000 - 0x00007ffcf575f000 	C:\WINDOWS\SYSTEM32\WINMM.dll
0x00007ffcf4150000 - 0x00007ffcf415a000 	C:\WINDOWS\SYSTEM32\VERSION.dll
0x00007ffcfc750000 - 0x00007ffcfc757000 	C:\WINDOWS\system32\PSAPI.DLL
0x00007ffcfb0f0000 - 0x00007ffcfb148000 	C:\WINDOWS\system32\WS2_32.dll
0x00007ffcf5710000 - 0x00007ffcf573a000 	C:\WINDOWS\SYSTEM32\WINMMBASE.dll
0x00007ffcfb0e0000 - 0x00007ffcfb0e9000 	C:\WINDOWS\system32\NSI.dll
0x00007ffcfa310000 - 0x00007ffcfa35a000 	C:\WINDOWS\SYSTEM32\cfgmgr32.dll
0x00007ffcf9060000 - 0x00007ffcf9086000 	C:\WINDOWS\SYSTEM32\DEVOBJ.dll
0x0000000075420000 - 0x000000007542f000 	C:\Program Files\Java\jdk1.8.0_92\jre\bin\verify.dll
0x0000000074520000 - 0x0000000074549000 	C:\Program Files\Java\jdk1.8.0_92\jre\bin\java.dll
0x0000000074500000 - 0x0000000074516000 	C:\Program Files\Java\jdk1.8.0_92\jre\bin\zip.dll

VM Arguments:
jvm_args: -Djava.awt.headless=true -Xmx1024M -Dfile.encoding=windows-1252 -Duser.country=US -Duser.language=en -Duser.variant 
java_command: com.android.dx.command.Main --dex --num-threads=4 --output C:\Users\Mayank\AndroidStudioProjects\singleBoom\app\build\intermediates\pre-dexed\debug\com.android.support-mediarouter-v7-23.0.0_2761f08eb3f66a40070550cffbd3e6a59262905b.jar C:\Users\Mayank\AndroidStudioProjects\singleBoom\app\build\intermediates\exploded-aar\com.android.support\mediarouter-v7\23.0.0\jars\classes.jar
java_class_path (initial): C:\sdk1\build-tools\24.0.3\lib\dx.jar
Launcher Type: SUN_STANDARD

Environment Variables:
JAVA_HOME=C:\Program Files\Java\jdk1.8.0_92
PATH=C:\ProgramData\Oracle\Java\javapath;c:\Program Files (x86)\Intel\iCLS Client\;c:\Program Files\Intel\iCLS Client\;C:\WINDOWS\system32;C:\WINDOWS;C:\WINDOWS\System32\Wbem;C:\WINDOWS\System32\WindowsPowerShell\v1.0\;C:\Program Files\Intel\Intel(R) Management Engine Components\DAL;C:\Program Files\Intel\Intel(R) Management Engine Components\IPT;C:\Program Files (x86)\Intel\Intel(R) Management Engine Components\DAL;C:\Program Files (x86)\Intel\Intel(R) Management Engine Components\IPT;C:\Program Files (x86)\Skype\Phone\;C:\Users\Mayank\Desktop\Tesseract-OCR;C:\Program Files (x86)\GTK2-Runtime\bin;C:\Program Files\Git\cmd;C:\Program Files\nodejs\;C:\apache-ant-1.9.7\bin;C:\Program Files\MongoDB\Server\3.2\bin;C:\Users\Mayank\AppData\Local\Programs\Python\Python35-32\Scripts;C:\Users\Mayank\AppData\Local\Programs\Python\Python35-32\;C:\Program Files\Java\jdk1.8.0_92\bin;C:\Python27\;C:\Users\Mayank\Downloads\curl_7_51_0_openssl_nghttp2_x64\;C:\Users\Mayank\AppData\Roaming\npm;C:\Program Files\nodejs\;C:\Users\Mayank\AppData\Local\.meteor\
USERNAME=Mayank
OS=Windows_NT
PROCESSOR_IDENTIFIER=Intel64 Family 6 Model 69 Stepping 1, GenuineIntel



---------------  S Y S T E M  ---------------

OS: Windows 8.1 , 64 bit Build 9600 (6.3.9600.17056)

CPU:total 4 (2 cores per cpu, 2 threads per core) family 6 model 69 stepping 1, cmov, cx8, fxsr, mmx, sse, sse2, sse3, ssse3, sse4.1, sse4.2, popcnt, avx, avx2, aes, clmul, erms, lzcnt, ht, tsc, tscinvbit, bmi1, bmi2

Memory: 4k page, physical 4096180k(821208k free), swap 7241908k(5264k free)

vm_info: Java HotSpot(TM) 64-Bit Server VM (25.92-b14) for windows-amd64 JRE (1.8.0_92-b14), built on Mar 31 2016 21:03:04 by "java_re" with MS VC++ 10.0 (VS2010)

time: Sat Feb 04 20:05:27 2017
elapsed time: 4 seconds (0d 0h 0m 4s)

