#
# There is insufficient memory for the Java Runtime Environment to continue.
# Native memory allocation (malloc) failed to allocate 32744 bytes for ChunkPool::allocate
# Possible reasons:
#   The system is out of physical RAM or swap space
#   In 32 bit mode, the process size limit was hit
# Possible solutions:
#   Reduce memory load on the system
#   Increase physical memory or swap space
#   Check if swap backing store is full
#   Use 64 bit Java on a 64 bit OS
#   Decrease Java heap size (-Xmx/-Xms)
#   Decrease number of Java threads
#   Decrease Java thread stack sizes (-Xss)
#   Set larger code cache with -XX:ReservedCodeCacheSize=
# This output file may be truncated or incomplete.
#
#  Out of Memory Error (allocation.cpp:273), pid=6456, tid=0x0000000000001b50
#
# JRE version: Java(TM) SE Runtime Environment (8.0_92-b14) (build 1.8.0_92-b14)
# Java VM: Java HotSpot(TM) 64-Bit Server VM (25.92-b14 mixed mode windows-amd64 compressed oops)
# Failed to write core dump. Minidumps are not enabled by default on client versions of Windows
#

---------------  T H R E A D  ---------------

Current thread (0x0000000014d30800):  JavaThread "C2 CompilerThread1" daemon [_thread_in_native, id=6992, stack(0x0000000016490000,0x0000000016590000)]

Stack: [0x0000000016490000,0x0000000016590000]
[error occurred during error reporting (printing stack bounds), id 0xc0000005]

Native frames: (J=compiled Java code, j=interpreted, Vv=VM code, C=native code)


Current CompileTask:
C2:  13742 1984   !   4       com.android.dx.cf.cst.ConstantPoolParser::parse0 (731 bytes)


---------------  P R O C E S S  ---------------

Java Threads: ( => current thread )
  0x00000000165b6000 JavaThread "Service Thread" daemon [_thread_blocked, id=4056, stack(0x0000000016a90000,0x0000000016b90000)]
  0x0000000014d3d800 JavaThread "C1 CompilerThread2" daemon [_thread_blocked, id=7528, stack(0x0000000016990000,0x0000000016a90000)]
=>0x0000000014d30800 JavaThread "C2 CompilerThread1" daemon [_thread_in_native, id=6992, stack(0x0000000016490000,0x0000000016590000)]
  0x0000000014ce9000 JavaThread "C2 CompilerThread0" daemon [_thread_in_native, id=5884, stack(0x0000000016390000,0x0000000016490000)]
  0x0000000014ce7000 JavaThread "Attach Listener" daemon [_thread_blocked, id=7104, stack(0x0000000016290000,0x0000000016390000)]
  0x0000000014ce5800 JavaThread "Signal Dispatcher" daemon [_thread_blocked, id=9828, stack(0x0000000016190000,0x0000000016290000)]
  0x000000000260a800 JavaThread "Finalizer" daemon [_thread_blocked, id=10672, stack(0x0000000015f30000,0x0000000016030000)]
  0x0000000014ca9000 JavaThread "Reference Handler" daemon [_thread_blocked, id=7804, stack(0x0000000015e30000,0x0000000015f30000)]
  0x0000000002512800 JavaThread "main" [_thread_in_vm, id=6800, stack(0x0000000002410000,0x0000000002510000)]

Other Threads:
  0x0000000014ca7800 VMThread [stack: 0x0000000015d30000,0x0000000015e30000] [id=11100]
  0x00000000165b9800 WatcherThread [stack: 0x0000000016b90000,0x0000000016c90000] [id=9276]

VM state:synchronizing (normal execution)

VM Mutex/Monitor currently owned by a thread:  ([mutex/lock_event])
[0x000000000240cd70] Threads_lock - owner thread: 0x0000000014ca7800

Heap:
 PSYoungGen      total 139264K, used 41674K [0x00000000eab00000, 0x00000000f4f00000, 0x0000000100000000)
  eden space 124416K, 21% used [0x00000000eab00000,0x00000000ec536ab0,0x00000000f2480000)
  from space 14848K, 99% used [0x00000000f3780000,0x00000000f45fc020,0x00000000f4600000)
  to   space 19456K, 0% used [0x00000000f2480000,0x00000000f2480000,0x00000000f3780000)
 ParOldGen       total 44032K, used 24963K [0x00000000c0000000, 0x00000000c2b00000, 0x00000000eab00000)
  object space 44032K, 56% used [0x00000000c0000000,0x00000000c1860d10,0x00000000c2b00000)
 Metaspace       used 6711K, capacity 7448K, committed 7680K, reserved 1056768K
  class space    used 623K, capacity 656K, committed 768K, reserved 1048576K

Card table byte_map: [0x00000000119d0000,0x0000000011be0000] byte_map_base: 0x00000000113d0000

Marking Bits: (ParMarkBitMap*) 0x00000000710e64f0
 Begin Bits: [0x0000000012140000, 0x0000000013140000)
 End Bits:   [0x0000000013140000, 0x0000000014140000)

Polling page: 0x0000000002380000

CodeCache: size=245760Kb used=9055Kb max_used=9055Kb free=236704Kb
 bounds [0x0000000002610000, 0x0000000002ef0000, 0x0000000011610000]
 total_blobs=2474 nmethods=2204 adapters=182
 compilation: enabled

Compilation events (10 events):
Event: 13.292 Thread 0x0000000014d3d800 2306       3       com.android.dx.dex.code.TargetInsn::getTargetOffset (13 bytes)
Event: 13.292 Thread 0x0000000014d3d800 nmethod 2306 0x0000000002ee45d0 code [0x0000000002ee4760, 0x0000000002ee4c78]
Event: 13.293 Thread 0x0000000014d3d800 2307       3       com.android.dx.dex.code.form.Form11n::isCompatible (89 bytes)
Event: 13.294 Thread 0x0000000014d3d800 nmethod 2307 0x0000000002ee4e50 code [0x0000000002ee5060, 0x0000000002ee5f68]
Event: 13.294 Thread 0x0000000014d3d800 2309       3       com.android.dx.rop.code.RegisterSpecSet::findMatchingLocal (49 bytes)
Event: 13.294 Thread 0x0000000014d3d800 nmethod 2309 0x0000000002ee62d0 code [0x0000000002ee6460, 0x0000000002ee6828]
Event: 13.294 Thread 0x0000000014d3d800 2310       3       com.android.dx.dex.code.StdCatchBuilder::rangeIsValid (62 bytes)
Event: 13.295 Thread 0x0000000014d3d800 nmethod 2310 0x0000000002ee69d0 code [0x0000000002ee6bc0, 0x0000000002ee7638]
Event: 13.295 Thread 0x0000000014d3d800 2308       3       com.android.dx.dex.code.InsnFormat::signedFitsInNibble (18 bytes)
Event: 13.295 Thread 0x0000000014d3d800 nmethod 2308 0x0000000002ee7bd0 code [0x0000000002ee7d20, 0x0000000002ee7ef0]

GC Heap History (10 events):
Event: 2.573 GC heap before
{Heap before GC invocations=4 (full 0):
 PSYoungGen      total 18944K, used 18912K [0x00000000eab00000, 0x00000000ed000000, 0x0000000100000000)
  eden space 16384K, 100% used [0x00000000eab00000,0x00000000ebb00000,0x00000000ebb00000)
  from space 2560K, 98% used [0x00000000ebb00000,0x00000000ebd78020,0x00000000ebd80000)
  to   space 2560K, 0% used [0x00000000ecd80000,0x00000000ecd80000,0x00000000ed000000)
 ParOldGen       total 44032K, used 4390K [0x00000000c0000000, 0x00000000c2b00000, 0x00000000eab00000)
  object space 44032K, 9% used [0x00000000c0000000,0x00000000c0449a70,0x00000000c2b00000)
 Metaspace       used 6232K, capacity 7090K, committed 7296K, reserved 1056768K
  class space    used 602K, capacity 618K, committed 640K, reserved 1048576K
Event: 2.601 GC heap after
Heap after GC invocations=4 (full 0):
 PSYoungGen      total 35328K, used 2545K [0x00000000eab00000, 0x00000000ed000000, 0x0000000100000000)
  eden space 32768K, 0% used [0x00000000eab00000,0x00000000eab00000,0x00000000ecb00000)
  from space 2560K, 99% used [0x00000000ecd80000,0x00000000ecffc530,0x00000000ed000000)
  to   space 2560K, 0% used [0x00000000ecb00000,0x00000000ecb00000,0x00000000ecd80000)
 ParOldGen       total 44032K, used 7513K [0x00000000c0000000, 0x00000000c2b00000, 0x00000000eab00000)
  object space 44032K, 17% used [0x00000000c0000000,0x00000000c0756620,0x00000000c2b00000)
 Metaspace       used 6232K, capacity 7090K, committed 7296K, reserved 1056768K
  class space    used 602K, capacity 618K, committed 640K, reserved 1048576K
}
Event: 3.081 GC heap before
{Heap before GC invocations=5 (full 0):
 PSYoungGen      total 35328K, used 35313K [0x00000000eab00000, 0x00000000ed000000, 0x0000000100000000)
  eden space 32768K, 100% used [0x00000000eab00000,0x00000000ecb00000,0x00000000ecb00000)
  from space 2560K, 99% used [0x00000000ecd80000,0x00000000ecffc530,0x00000000ed000000)
  to   space 2560K, 0% used [0x00000000ecb00000,0x00000000ecb00000,0x00000000ecd80000)
 ParOldGen       total 44032K, used 7513K [0x00000000c0000000, 0x00000000c2b00000, 0x00000000eab00000)
  object space 44032K, 17% used [0x00000000c0000000,0x00000000c0756620,0x00000000c2b00000)
 Metaspace       used 6306K, capacity 7154K, committed 7296K, reserved 1056768K
  class space    used 603K, capacity 618K, committed 640K, reserved 1048576K
Event: 3.201 GC heap after
Heap after GC invocations=5 (full 0):
 PSYoungGen      total 35328K, used 2553K [0x00000000eab00000, 0x00000000efc00000, 0x0000000100000000)
  eden space 32768K, 0% used [0x00000000eab00000,0x00000000eab00000,0x00000000ecb00000)
  from space 2560K, 99% used [0x00000000ecb00000,0x00000000ecd7e608,0x00000000ecd80000)
  to   space 8704K, 0% used [0x00000000ef380000,0x00000000ef380000,0x00000000efc00000)
 ParOldGen       total 44032K, used 12526K [0x00000000c0000000, 0x00000000c2b00000, 0x00000000eab00000)
  object space 44032K, 28% used [0x00000000c0000000,0x00000000c0c3ba20,0x00000000c2b00000)
 Metaspace       used 6306K, capacity 7154K, committed 7296K, reserved 1056768K
  class space    used 603K, capacity 618K, committed 640K, reserved 1048576K
}
Event: 3.729 GC heap before
{Heap before GC invocations=6 (full 0):
 PSYoungGen      total 35328K, used 35321K [0x00000000eab00000, 0x00000000efc00000, 0x0000000100000000)
  eden space 32768K, 100% used [0x00000000eab00000,0x00000000ecb00000,0x00000000ecb00000)
  from space 2560K, 99% used [0x00000000ecb00000,0x00000000ecd7e608,0x00000000ecd80000)
  to   space 8704K, 0% used [0x00000000ef380000,0x00000000ef380000,0x00000000efc00000)
 ParOldGen       total 44032K, used 12526K [0x00000000c0000000, 0x00000000c2b00000, 0x00000000eab00000)
  object space 44032K, 28% used [0x00000000c0000000,0x00000000c0c3ba20,0x00000000c2b00000)
 Metaspace       used 6318K, capacity 7154K, committed 7296K, reserved 1056768K
  class space    used 603K, capacity 618K, committed 640K, reserved 1048576K
Event: 3.781 GC heap after
Heap after GC invocations=6 (full 0):
 PSYoungGen      total 73216K, used 7786K [0x00000000eab00000, 0x00000000efe00000, 0x0000000100000000)
  eden space 64512K, 0% used [0x00000000eab00000,0x00000000eab00000,0x00000000eea00000)
  from space 8704K, 89% used [0x00000000ef380000,0x00000000efb1ab68,0x00000000efc00000)
  to   space 9728K, 0% used [0x00000000eea00000,0x00000000eea00000,0x00000000ef380000)
 ParOldGen       total 44032K, used 12526K [0x00000000c0000000, 0x00000000c2b00000, 0x00000000eab00000)
  object space 44032K, 28% used [0x00000000c0000000,0x00000000c0c3ba20,0x00000000c2b00000)
 Metaspace       used 6318K, capacity 7154K, committed 7296K, reserved 1056768K
  class space    used 603K, capacity 618K, committed 640K, reserved 1048576K
}
Event: 6.262 GC heap before
{Heap before GC invocations=7 (full 0):
 PSYoungGen      total 73216K, used 72298K [0x00000000eab00000, 0x00000000efe00000, 0x0000000100000000)
  eden space 64512K, 100% used [0x00000000eab00000,0x00000000eea00000,0x00000000eea00000)
  from space 8704K, 89% used [0x00000000ef380000,0x00000000efb1ab68,0x00000000efc00000)
  to   space 9728K, 0% used [0x00000000eea00000,0x00000000eea00000,0x00000000ef380000)
 ParOldGen       total 44032K, used 12526K [0x00000000c0000000, 0x00000000c2b00000, 0x00000000eab00000)
  object space 44032K, 28% used [0x00000000c0000000,0x00000000c0c3ba20,0x00000000c2b00000)
 Metaspace       used 6399K, capacity 7154K, committed 7296K, reserved 1056768K
  class space    used 603K, capacity 618K, committed 640K, reserved 1048576K
Event: 6.878 GC heap after
Heap after GC invocations=7 (full 0):
 PSYoungGen      total 74240K, used 9721K [0x00000000eab00000, 0x00000000f4600000, 0x0000000100000000)
  eden space 64512K, 0% used [0x00000000eab00000,0x00000000eab00000,0x00000000eea00000)
  from space 9728K, 99% used [0x00000000eea00000,0x00000000ef37e608,0x00000000ef380000)
  to   space 14848K, 0% used [0x00000000f3780000,0x00000000f3780000,0x00000000f4600000)
 ParOldGen       total 44032K, used 19999K [0x00000000c0000000, 0x00000000c2b00000, 0x00000000eab00000)
  object space 44032K, 45% used [0x00000000c0000000,0x00000000c1387d10,0x00000000c2b00000)
 Metaspace       used 6399K, capacity 7154K, committed 7296K, reserved 1056768K
  class space    used 603K, capacity 618K, committed 640K, reserved 1048576K
}
Event: 9.311 GC heap before
{Heap before GC invocations=8 (full 0):
 PSYoungGen      total 74240K, used 74233K [0x00000000eab00000, 0x00000000f4600000, 0x0000000100000000)
  eden space 64512K, 100% used [0x00000000eab00000,0x00000000eea00000,0x00000000eea00000)
  from space 9728K, 99% used [0x00000000eea00000,0x00000000ef37e608,0x00000000ef380000)
  to   space 14848K, 0% used [0x00000000f3780000,0x00000000f3780000,0x00000000f4600000)
 ParOldGen       total 44032K, used 19999K [0x00000000c0000000, 0x00000000c2b00000, 0x00000000eab00000)
  object space 44032K, 45% used [0x00000000c0000000,0x00000000c1387d10,0x00000000c2b00000)
 Metaspace       used 6431K, capacity 7218K, committed 7296K, reserved 1056768K
  class space    used 603K, capacity 618K, committed 640K, reserved 1048576K
Event: 9.474 GC heap after
Heap after GC invocations=8 (full 0):
 PSYoungGen      total 139264K, used 14832K [0x00000000eab00000, 0x00000000f4f00000, 0x0000000100000000)
  eden space 124416K, 0% used [0x00000000eab00000,0x00000000eab00000,0x00000000f2480000)
  from space 14848K, 99% used [0x00000000f3780000,0x00000000f45fc020,0x00000000f4600000)
  to   space 19456K, 0% used [0x00000000f2480000,0x00000000f2480000,0x00000000f3780000)
 ParOldGen       total 44032K, used 24963K [0x00000000c0000000, 0x00000000c2b00000, 0x00000000eab00000)
  object space 44032K, 56% used [0x00000000c0000000,0x00000000c1860d10,0x00000000c2b00000)
 Metaspace       used 6431K, capacity 7218K, committed 7296K, reserved 1056768K
  class space    used 603K, capacity 618K, committed 640K, reserved 1048576K
}

Deoptimization events (10 events):
Event: 9.911 Thread 0x0000000002512800 Uncommon trap: reason=unstable_if action=reinterpret pc=0x0000000002e3d0b8 method=java.util.HashMap.putVal(ILjava/lang/Object;Ljava/lang/Object;ZZ)Ljava/lang/Object; @ 94
Event: 11.399 Thread 0x0000000002512800 Uncommon trap: reason=speculate_class_check action=maybe_recompile pc=0x0000000002981ce0 method=com.android.dx.util.FixedSizeList.equals(Ljava/lang/Object;)Z @ 25
Event: 11.399 Thread 0x0000000002512800 Uncommon trap: reason=class_check action=maybe_recompile pc=0x0000000002928608 method=java.util.Arrays.equals([Ljava/lang/Object;[Ljava/lang/Object;)Z @ 62
Event: 11.399 Thread 0x0000000002512800 Uncommon trap: reason=speculate_class_check action=maybe_recompile pc=0x0000000002981ce0 method=com.android.dx.util.FixedSizeList.equals(Ljava/lang/Object;)Z @ 25
Event: 11.400 Thread 0x0000000002512800 Uncommon trap: reason=class_check action=maybe_recompile pc=0x0000000002928608 method=java.util.Arrays.equals([Ljava/lang/Object;[Ljava/lang/Object;)Z @ 62
Event: 11.400 Thread 0x0000000002512800 Uncommon trap: reason=speculate_class_check action=maybe_recompile pc=0x0000000002981ce0 method=com.android.dx.util.FixedSizeList.equals(Ljava/lang/Object;)Z @ 25
Event: 11.400 Thread 0x0000000002512800 Uncommon trap: reason=class_check action=maybe_recompile pc=0x0000000002928608 method=java.util.Arrays.equals([Ljava/lang/Object;[Ljava/lang/Object;)Z @ 62
Event: 11.400 Thread 0x0000000002512800 Uncommon trap: reason=speculate_class_check action=maybe_recompile pc=0x0000000002981ce0 method=com.android.dx.util.FixedSizeList.equals(Ljava/lang/Object;)Z @ 25
Event: 11.400 Thread 0x0000000002512800 Uncommon trap: reason=class_check action=maybe_recompile pc=0x0000000002928608 method=java.util.Arrays.equals([Ljava/lang/Object;[Ljava/lang/Object;)Z @ 62
Event: 11.520 Thread 0x0000000002512800 Uncommon trap: reason=unstable_if action=reinterpret pc=0x0000000002e4699c method=java.util.TreeMap.put(Ljava/lang/Object;Ljava/lang/Object;)Ljava/lang/Object; @ 163

Internal exceptions (3 events):
Event: 0.108 Thread 0x0000000002512800 Exception <a 'java/lang/NoSuchMethodError': Method sun.misc.Unsafe.defineClass(Ljava/lang/String;[BII)Ljava/lang/Class; name or signature does not match> (0x00000000eab07cc0) thrown at [D:\re\workspace\8-2-build-windows-amd64-cygwin\jdk8u92\6642\hotspot\srÃIÄ%¿»?
Event: 0.108 Thread 0x0000000002512800 Exception <a 'java/lang/NoSuchMethodError': Method sun.misc.Unsafe.prefetchRead(Ljava/lang/Object;J)V name or signature does not match> (0x00000000eab07fa8) thrown at [D:\re\workspace\8-2-build-windows-amd64-cygwin\jdk8u92\6642\hotspot\src\share\vm\prims\j°ar=@
Event: 2.629 Thread 0x0000000002512800 Implicit null exception at 0x000000000290c5a2 to 0x000000000290c69a

Events (10 events):
Event: 11.400 loading class com/android/dx/dex/code/CatchTable$Entry done
Event: 11.401 loading class com/android/dx/util/ByteArrayAnnotatedOutput
Event: 11.401 loading class com/android/dx/util/ByteArrayAnnotatedOutput done
Event: 11.520 Thread 0x0000000002512800 Uncommon trap: trap_request=0xffffff65 fr.pc=0x0000000002e4699c
Event: 11.520 Thread 0x0000000002512800 DEOPT PACKING pc=0x0000000002e4699c sp=0x000000000250ecc0
Event: 11.520 Thread 0x0000000002512800 DEOPT UNPACKING pc=0x000000000265582a sp=0x000000000250ec60 mode 2
Event: 13.266 Thread 0x0000000002512800 DEOPT PACKING pc=0x0000000002e86458 sp=0x000000000250ebe0
Event: 13.266 Thread 0x0000000002512800 DEOPT UNPACKING pc=0x000000000265787f sp=0x000000000250e940 mode 0
Event: 13.296 loading class com/android/dx/rop/code/RegisterSpecList$Expander
Event: 13.296 loading class com/android/dx/rop/code/RegisterSpecList$Expander done


Dynamic libraries:
0x00007ff6b80a0000 - 0x00007ff6b80d7000 	C:\Program Files\Java\jdk1.8.0_92\bin\java.exe
0x00007ffcfce80000 - 0x00007ffcfd02a000 	C:\WINDOWS\SYSTEM32\ntdll.dll
0x00007ffcfad50000 - 0x00007ffcfae8a000 	C:\WINDOWS\system32\KERNEL32.DLL
0x00007ffcfa360000 - 0x00007ffcfa46f000 	C:\WINDOWS\system32\KERNELBASE.dll
0x00007ffcf8c50000 - 0x00007ffcf8cd8000 	C:\WINDOWS\system32\apphelp.dll
0x00007ffcf1600000 - 0x00007ffcf164f000 	C:\WINDOWS\AppPatch\AppPatch64\AcGenral.DLL
0x00007ffcfb030000 - 0x00007ffcfb0d7000 	C:\WINDOWS\system32\msvcrt.dll
0x00007ffcfa030000 - 0x00007ffcfa05b000 	C:\WINDOWS\SYSTEM32\SspiCli.dll
0x00007ffcfa700000 - 0x00007ffcfa751000 	C:\WINDOWS\system32\SHLWAPI.dll
0x00007ffcfaa10000 - 0x00007ffcfab81000 	C:\WINDOWS\system32\USER32.dll
0x00007ffcfb150000 - 0x00007ffcfb2c8000 	C:\WINDOWS\system32\ole32.dll
0x00007ffcfb2d0000 - 0x00007ffcfc6f0000 	C:\WINDOWS\system32\SHELL32.dll
0x00007ffcf9860000 - 0x00007ffcf987e000 	C:\WINDOWS\SYSTEM32\USERENV.dll
0x00007ffcfc9a0000 - 0x00007ffcfca45000 	C:\WINDOWS\system32\ADVAPI32.dll
0x00007ffcf57c0000 - 0x00007ffcf57db000 	C:\WINDOWS\SYSTEM32\MPR.dll
0x00007ffcfa760000 - 0x00007ffcfa896000 	C:\WINDOWS\system32\RPCRT4.dll
0x00007ffcfc6f0000 - 0x00007ffcfc747000 	C:\WINDOWS\SYSTEM32\sechost.dll
0x00007ffcfcb00000 - 0x00007ffcfccd6000 	C:\WINDOWS\SYSTEM32\combase.dll
0x00007ffcfa8b0000 - 0x00007ffcfa9f5000 	C:\WINDOWS\system32\GDI32.dll
0x00007ffcfa1f0000 - 0x00007ffcfa204000 	C:\WINDOWS\SYSTEM32\profapi.dll
0x00007ffcf86d0000 - 0x00007ffcf876f000 	C:\WINDOWS\SYSTEM32\SHCORE.dll
0x00007ffcfab90000 - 0x00007ffcfabc4000 	C:\WINDOWS\system32\IMM32.DLL
0x00007ffcfaef0000 - 0x00007ffcfb029000 	C:\WINDOWS\system32\MSCTF.dll
0x00007ffcf7e60000 - 0x00007ffcf80ba000 	C:\WINDOWS\WinSxS\amd64_microsoft.windows.common-controls_6595b64144ccf1df_6.0.9600.17031_none_6242a4b3ecbb55a1\COMCTL32.dll
0x00000000716c0000 - 0x0000000071792000 	C:\Program Files\Java\jdk1.8.0_92\jre\bin\msvcr100.dll
0x00000000708d0000 - 0x0000000071166000 	C:\Program Files\Java\jdk1.8.0_92\jre\bin\server\jvm.dll
0x00007ffcf8840000 - 0x00007ffcf8849000 	C:\WINDOWS\SYSTEM32\WSOCK32.dll
0x00007ffcf5740000 - 0x00007ffcf575f000 	C:\WINDOWS\SYSTEM32\WINMM.dll
0x00007ffcf4150000 - 0x00007ffcf415a000 	C:\WINDOWS\SYSTEM32\VERSION.dll
0x00007ffcfc750000 - 0x00007ffcfc757000 	C:\WINDOWS\system32\PSAPI.DLL
0x00007ffcfb0f0000 - 0x00007ffcfb148000 	C:\WINDOWS\system32\WS2_32.dll
0x00007ffcf5710000 - 0x00007ffcf573a000 	C:\WINDOWS\SYSTEM32\WINMMBASE.dll
0x00007ffcfb0e0000 - 0x00007ffcfb0e9000 	C:\WINDOWS\system32\NSI.dll
0x00007ffcfa310000 - 0x00007ffcfa35a000 	C:\WINDOWS\SYSTEM32\cfgmgr32.dll
0x00007ffcf9060000 - 0x00007ffcf9086000 	C:\WINDOWS\SYSTEM32\DEVOBJ.dll
0x0000000075420000 - 0x000000007542f000 	C:\Program Files\Java\jdk1.8.0_92\jre\bin\verify.dll
0x0000000074520000 - 0x0000000074549000 	C:\Program Files\Java\jdk1.8.0_92\jre\bin\java.dll
0x0000000074500000 - 0x0000000074516000 	C:\Program Files\Java\jdk1.8.0_92\jre\bin\zip.dll

VM Arguments:
jvm_args: -Djava.awt.headless=true -Xmx1024M -Dfile.encoding=windows-1252 -Duser.country=US -Duser.language=en -Duser.variant 
java_command: com.android.dx.command.Main --dex --num-threads=4 --output C:\Users\Mayank\AndroidStudioProjects\singleBoom\app\build\intermediates\pre-dexed\debug\com.google.android.gms-play-services-basement-8.4.0_61894fb022cbfe7a3e6bd616e50ba8f447920428.jar C:\Users\Mayank\AndroidStudioProjects\singleBoom\app\build\intermediates\exploded-aar\com.google.android.gms\play-services-basement\8.4.0\jars\classes.jar
java_class_path (initial): C:\sdk1\build-tools\24.0.3\lib\dx.jar
Launcher Type: SUN_STANDARD

Environment Variables:
JAVA_HOME=C:\Program Files\Java\jdk1.8.0_92
PATH=C:\ProgramData\Oracle\Java\javapath;c:\Program Files (x86)\Intel\iCLS Client\;c:\Program Files\Intel\iCLS Client\;C:\WINDOWS\system32;C:\WINDOWS;C:\WINDOWS\System32\Wbem;C:\WINDOWS\System32\WindowsPowerShell\v1.0\;C:\Program Files\Intel\Intel(R) Management Engine Components\DAL;C:\Program Files\Intel\Intel(R) Management Engine Components\IPT;C:\Program Files (x86)\Intel\Intel(R) Management Engine Components\DAL;C:\Program Files (x86)\Intel\Intel(R) Management Engine Components\IPT;C:\Program Files (x86)\Skype\Phone\;C:\Users\Mayank\Desktop\Tesseract-OCR;C:\Program Files (x86)\GTK2-Runtime\bin;C:\Program Files\Git\cmd;C:\Program Files\nodejs\;C:\apache-ant-1.9.7\bin;C:\Program Files\MongoDB\Server\3.2\bin;C:\Users\Mayank\AppData\Local\Programs\Python\Python35-32\Scripts;C:\Users\Mayank\AppData\Local\Programs\Python\Python35-32\;C:\Program Files\Java\jdk1.8.0_92\bin;C:\Python27\;C:\Users\Mayank\Downloads\curl_7_51_0_openssl_nghttp2_x64\;C:\Users\Mayank\AppData\Roaming\npm;C:\Program Files\nodejs\;C:\Users\Mayank\AppData\Local\.meteor\
USERNAME=Mayank
OS=Windows_NT
PROCESSOR_IDENTIFIER=Intel64 Family 6 Model 69 Stepping 1, GenuineIntel



---------------  S Y S T E M  ---------------

OS: Windows 8.1 , 64 bit Build 9600 (6.3.9600.17056)

CPU:total 4 (2 cores per cpu, 2 threads per core) family 6 model 69 stepping 1, cmov, cx8, fxsr, mmx, sse, sse2, sse3, ssse3, sse4.1, sse4.2, popcnt, avx, avx2, aes, clmul, erms, lzcnt, ht, tsc, tscinvbit, bmi1, bmi2

Memory: 4k page, physical 4096180k(721004k free), swap 7241908k(6864k free)

vm_info: Java HotSpot(TM) 64-Bit Server VM (25.92-b14) for windows-amd64 JRE (1.8.0_92-b14), built on Mar 31 2016 21:03:04 by "java_re" with MS VC++ 10.0 (VS2010)

time: Sat Feb 04 20:05:10 2017
elapsed time: 13 seconds (0d 0h 0m 13s)

